/*C338*/SET SCHEMA PUBLIC
DISCONNECT
/*C335*/SET SCHEMA PUBLIC
DISCONNECT
/*C337*/SET SCHEMA PUBLIC
DISCONNECT
/*C336*/SET SCHEMA PUBLIC
DISCONNECT
/*C339*/SET SCHEMA PUBLIC
DISCONNECT
/*C330*/SET SCHEMA PUBLIC
DISCONNECT
/*C333*/SET SCHEMA PUBLIC
DISCONNECT
/*C332*/SET SCHEMA PUBLIC
DISCONNECT
/*C331*/SET SCHEMA PUBLIC
DISCONNECT
/*C334*/SET SCHEMA PUBLIC
DISCONNECT
/*C342*/SET SCHEMA PUBLIC
DISCONNECT
/*C340*/SET SCHEMA PUBLIC
DISCONNECT
/*C345*/SET SCHEMA PUBLIC
DISCONNECT
/*C343*/SET SCHEMA PUBLIC
DISCONNECT
/*C347*/SET SCHEMA PUBLIC
DISCONNECT
/*C348*/SET SCHEMA PUBLIC
DISCONNECT
/*C341*/SET SCHEMA PUBLIC
DISCONNECT
/*C344*/SET SCHEMA PUBLIC
DISCONNECT
/*C349*/SET SCHEMA PUBLIC
DISCONNECT
/*C346*/SET SCHEMA PUBLIC
DISCONNECT
/*C350*/SET SCHEMA PUBLIC
INSERT INTO ROOM VALUES(51,'https://img-blog.csdnimg.cn/20210228062811223.png','2021-02-28 07:20:00.626000',' \u4e94\u7b14\u4ff1\u4e50\u90e8',1,1)
ALTER SEQUENCE PUBLIC.HIBERNATE_SEQUENCE RESTART WITH 52
COMMIT
/*C351*/SET SCHEMA PUBLIC
DISCONNECT
/*C350*/DISCONNECT
/*C356*/SET SCHEMA PUBLIC
DISCONNECT
/*C352*/SET SCHEMA PUBLIC
DISCONNECT
/*C353*/SET SCHEMA PUBLIC
DISCONNECT
/*C354*/SET SCHEMA PUBLIC
DISCONNECT
/*C355*/SET SCHEMA PUBLIC
DISCONNECT
/*C358*/SET SCHEMA PUBLIC
DISCONNECT
/*C359*/SET SCHEMA PUBLIC
DISCONNECT
/*C357*/SET SCHEMA PUBLIC
DISCONNECT
/*C360*/SET SCHEMA PUBLIC
INSERT INTO ROOM VALUES(52,'https://gimg2.baidu.com/image_search/src=http://img2.woyaogexing.com/2021/02/26/9fd687381d5949a5994f49a026de221c!400x400.jpeg','2021-02-28 08:03:25.138000','\u5c0f\u82b1',1,1)
ALTER SEQUENCE PUBLIC.HIBERNATE_SEQUENCE RESTART WITH 53
COMMIT
INSERT INTO ROOM VALUES(53,'https://img-blog.csdnimg.cn/2021022808052855.png','2021-02-28 08:05:57.034000','\u673a\u5668\u732b',1,36)
ALTER SEQUENCE PUBLIC.HIBERNATE_SEQUENCE RESTART WITH 54
COMMIT
alter table room add column describe varchar(255)
DISCONNECT
/*C361*/SET SCHEMA PUBLIC
DISCONNECT
/*C362*/SET SCHEMA PUBLIC
DISCONNECT
/*C363*/SET SCHEMA PUBLIC
DISCONNECT
/*C364*/SET SCHEMA PUBLIC
DISCONNECT
/*C365*/SET SCHEMA PUBLIC
DISCONNECT
/*C366*/SET SCHEMA PUBLIC
DISCONNECT
/*C367*/SET SCHEMA PUBLIC
DISCONNECT
/*C368*/SET SCHEMA PUBLIC
DISCONNECT
/*C369*/SET SCHEMA PUBLIC
DISCONNECT
/*C380*/SET SCHEMA PUBLIC
DISCONNECT
/*C381*/SET SCHEMA PUBLIC
set schema PUBLIC
DELETE FROM ROOM WHERE ID=24
DELETE FROM ROOM WHERE ID=29
DELETE FROM ROOM WHERE ID=30
DELETE FROM ROOM WHERE ID=31
DELETE FROM ROOM WHERE ID=51
DELETE FROM ROOM WHERE ID=52
DELETE FROM ROOM WHERE ID=53
INSERT INTO ROOM VALUES(24,'https://img-blog.csdnimg.cn/20210227093637699.png','2021-02-23 10:56:09.000000','\u8349\u5e3d\u6d77\u8d3c\u56e2',1,1,'\u7fa4\u7b80\u4ecb\uff0c\u8001\u592b\u61d2\u7684\u5199\uff01')
INSERT INTO ROOM VALUES(29,'https://img-blog.csdnimg.cn/20210227100846717.png','2021-02-27 10:09:14.991000','\u5927\u5988\u6d77\u8d3c\u56e2',1,1,'\u7fa4\u7b80\u4ecb\uff0c\u8001\u592b\u61d2\u7684\u5199\uff01')
INSERT INTO ROOM VALUES(30,'https://img-blog.csdnimg.cn/2021022710111083.png','2021-02-27 10:11:32.157000','\u7ea2\u53d1\u6d77\u8d3c\u56e2',1,1,'\u7fa4\u7b80\u4ecb\uff0c\u8001\u592b\u61d2\u7684\u5199\uff01')
INSERT INTO ROOM VALUES(31,'https://img-blog.csdnimg.cn/20210227113605313.png','2021-02-27 11:36:55.530000','\u9ed1\u80e1\u5b50\u6d77\u8d3c\u56e2',1,1,'\u7fa4\u7b80\u4ecb\uff0c\u8001\u592b\u61d2\u7684\u5199\uff01')
INSERT INTO ROOM VALUES(51,'https://img-blog.csdnimg.cn/20210228062811223.png','2021-02-28 07:20:00.626000',' \u4e94\u7b14\u4ff1\u4e50\u90e8',1,1,'\u7fa4\u7b80\u4ecb\uff0c\u8001\u592b\u61d2\u7684\u5199\uff01')
INSERT INTO ROOM VALUES(52,'https://gimg2.baidu.com/image_search/src=http://img2.woyaogexing.com/2021/02/26/9fd687381d5949a5994f49a026de221c!400x400.jpeg','2021-02-28 08:03:25.138000','\u5c0f\u82b1',1,1,'\u7fa4\u7b80\u4ecb\uff0c\u8001\u592b\u61d2\u7684\u5199\uff01')
INSERT INTO ROOM VALUES(53,'https://img-blog.csdnimg.cn/2021022808052855.png','2021-02-28 08:05:57.034000','\u673a\u5668\u732b',1,36,'\u7fa4\u7b80\u4ecb\uff0c\u8001\u592b\u61d2\u7684\u5199\uff01')
COMMIT
/*C370*/SET SCHEMA PUBLIC
INSERT INTO ROOM VALUES(54,'https://img-blog.csdnimg.cn/20210228082049856.png','2021-02-28 08:21:07.155000','\u76f8\u4eb2\u76f8\u7231\u4e00\u5bb6\u4eba',1,1,'\u5bb6\u5ead\u5185\u90e8\uff0c\u5916\u4eba\u4e0d\u8981\u52a0')
ALTER SEQUENCE PUBLIC.HIBERNATE_SEQUENCE RESTART WITH 55
COMMIT
/*C381*/DELETE FROM ROOM WHERE ID=52
COMMIT
/*C372*/SET SCHEMA PUBLIC
DISCONNECT
/*C375*/SET SCHEMA PUBLIC
DISCONNECT
/*C379*/SET SCHEMA PUBLIC
DISCONNECT
/*C377*/SET SCHEMA PUBLIC
DISCONNECT
/*C376*/SET SCHEMA PUBLIC
DISCONNECT
/*C370*/DISCONNECT
/*C374*/SET SCHEMA PUBLIC
DISCONNECT
/*C373*/SET SCHEMA PUBLIC
DISCONNECT
/*C378*/SET SCHEMA PUBLIC
DISCONNECT
/*C371*/SET SCHEMA PUBLIC
DISCONNECT
/*C383*/SET SCHEMA PUBLIC
DISCONNECT
/*C384*/SET SCHEMA PUBLIC
DISCONNECT
/*C385*/SET SCHEMA PUBLIC
DISCONNECT
/*C386*/SET SCHEMA PUBLIC
DISCONNECT
/*C387*/SET SCHEMA PUBLIC
DISCONNECT
/*C388*/SET SCHEMA PUBLIC
DISCONNECT
/*C389*/SET SCHEMA PUBLIC
DISCONNECT
/*C390*/SET SCHEMA PUBLIC
DISCONNECT
/*C391*/SET SCHEMA PUBLIC
DISCONNECT
/*C392*/SET SCHEMA PUBLIC
DISCONNECT
/*C382*/SET SCHEMA PUBLIC
DISCONNECT
/*C393*/SET SCHEMA PUBLIC
INSERT INTO USER_IN_ROOM VALUES(55,1,30)
ALTER SEQUENCE PUBLIC.HIBERNATE_SEQUENCE RESTART WITH 56
COMMIT
/*C400*/SET SCHEMA PUBLIC
DISCONNECT
/*C402*/SET SCHEMA PUBLIC
DISCONNECT
/*C393*/DISCONNECT
/*C381*/set schema PUBLIC
/*C398*/SET SCHEMA PUBLIC
DISCONNECT
/*C399*/SET SCHEMA PUBLIC
DISCONNECT
/*C401*/SET SCHEMA PUBLIC
DISCONNECT
/*C395*/SET SCHEMA PUBLIC
DISCONNECT
/*C396*/SET SCHEMA PUBLIC
DISCONNECT
/*C394*/SET SCHEMA PUBLIC
DISCONNECT
/*C397*/SET SCHEMA PUBLIC
DISCONNECT
/*C403*/SET SCHEMA PUBLIC
INSERT INTO USER_IN_ROOM VALUES(56,1,51)
ALTER SEQUENCE PUBLIC.HIBERNATE_SEQUENCE RESTART WITH 57
COMMIT
INSERT INTO USER_IN_ROOM VALUES(57,1,31)
ALTER SEQUENCE PUBLIC.HIBERNATE_SEQUENCE RESTART WITH 58
COMMIT
INSERT INTO USER_IN_ROOM VALUES(58,1,53)
ALTER SEQUENCE PUBLIC.HIBERNATE_SEQUENCE RESTART WITH 59
COMMIT
INSERT INTO USER_IN_ROOM VALUES(59,1,54)
ALTER SEQUENCE PUBLIC.HIBERNATE_SEQUENCE RESTART WITH 60
COMMIT
/*C381*/set schema PUBLIC
/*C403*/INSERT INTO USER_IN_ROOM VALUES(60,1,29)
ALTER SEQUENCE PUBLIC.HIBERNATE_SEQUENCE RESTART WITH 61
COMMIT
INSERT INTO MESSAGE VALUES(61,'2021-02-28 09:40:23.334000',NULL,51,'\u6c99 \u6211\u7684\u4e86',NULL,1)
ALTER SEQUENCE PUBLIC.HIBERNATE_SEQUENCE RESTART WITH 62
COMMIT
/*C405*/SET SCHEMA PUBLIC
DISCONNECT
/*C407*/SET SCHEMA PUBLIC
DISCONNECT
/*C404*/SET SCHEMA PUBLIC
DISCONNECT
/*C410*/SET SCHEMA PUBLIC
DISCONNECT
/*C403*/DISCONNECT
/*C411*/SET SCHEMA PUBLIC
DISCONNECT
/*C406*/SET SCHEMA PUBLIC
DISCONNECT
/*C412*/SET SCHEMA PUBLIC
DISCONNECT
/*C409*/SET SCHEMA PUBLIC
DISCONNECT
/*C408*/SET SCHEMA PUBLIC
DISCONNECT
/*C414*/SET SCHEMA PUBLIC
DISCONNECT
/*C413*/SET SCHEMA PUBLIC
DISCONNECT
/*C418*/SET SCHEMA PUBLIC
DISCONNECT
/*C415*/SET SCHEMA PUBLIC
DISCONNECT
/*C420*/SET SCHEMA PUBLIC
DISCONNECT
/*C421*/SET SCHEMA PUBLIC
DISCONNECT
/*C419*/SET SCHEMA PUBLIC
DISCONNECT
/*C422*/SET SCHEMA PUBLIC
DISCONNECT
/*C416*/SET SCHEMA PUBLIC
DISCONNECT
/*C417*/SET SCHEMA PUBLIC
DISCONNECT
/*C424*/SET SCHEMA PUBLIC
DISCONNECT
/*C425*/SET SCHEMA PUBLIC
DISCONNECT
/*C423*/SET SCHEMA PUBLIC
DISCONNECT
/*C428*/SET SCHEMA PUBLIC
DISCONNECT
/*C427*/SET SCHEMA PUBLIC
DISCONNECT
/*C429*/SET SCHEMA PUBLIC
DISCONNECT
/*C431*/SET SCHEMA PUBLIC
DISCONNECT
/*C426*/SET SCHEMA PUBLIC
DISCONNECT
/*C432*/SET SCHEMA PUBLIC
DISCONNECT
/*C430*/SET SCHEMA PUBLIC
DISCONNECT
/*C433*/SET SCHEMA PUBLIC
DISCONNECT
/*C434*/SET SCHEMA PUBLIC
DISCONNECT
/*C436*/SET SCHEMA PUBLIC
DISCONNECT
/*C435*/SET SCHEMA PUBLIC
DISCONNECT
/*C438*/SET SCHEMA PUBLIC
DISCONNECT
/*C441*/SET SCHEMA PUBLIC
DISCONNECT
/*C439*/SET SCHEMA PUBLIC
DISCONNECT
/*C437*/SET SCHEMA PUBLIC
DISCONNECT
/*C442*/SET SCHEMA PUBLIC
DISCONNECT
/*C440*/SET SCHEMA PUBLIC
DISCONNECT
/*C444*/SET SCHEMA PUBLIC
INSERT INTO USER_IN_ROOM VALUES(62,37,24)
ALTER SEQUENCE PUBLIC.HIBERNATE_SEQUENCE RESTART WITH 63
COMMIT
/*C443*/SET SCHEMA PUBLIC
INSERT INTO USER_IN_ROOM VALUES(63,36,24)
ALTER SEQUENCE PUBLIC.HIBERNATE_SEQUENCE RESTART WITH 64
COMMIT
/*C381*/set schema PUBLIC
DELETE FROM USER_IN_ROOM WHERE ID=25
DELETE FROM USER_IN_ROOM WHERE ID=26
DELETE FROM USER_IN_ROOM WHERE ID=27
DELETE FROM USER_IN_ROOM WHERE ID=28
DELETE FROM USER_IN_ROOM WHERE ID=55
DELETE FROM USER_IN_ROOM WHERE ID=56
DELETE FROM USER_IN_ROOM WHERE ID=57
DELETE FROM USER_IN_ROOM WHERE ID=58
DELETE FROM USER_IN_ROOM WHERE ID=59
DELETE FROM USER_IN_ROOM WHERE ID=60
DELETE FROM USER_IN_ROOM WHERE ID=62
DELETE FROM USER_IN_ROOM WHERE ID=63
COMMIT
/*C443*/INSERT INTO USER_IN_ROOM VALUES(64,1,24)
ALTER SEQUENCE PUBLIC.HIBERNATE_SEQUENCE RESTART WITH 65
COMMIT
INSERT INTO USER_IN_ROOM VALUES(65,3,24)
ALTER SEQUENCE PUBLIC.HIBERNATE_SEQUENCE RESTART WITH 66
COMMIT
INSERT INTO USER_IN_ROOM VALUES(66,37,24)
ALTER SEQUENCE PUBLIC.HIBERNATE_SEQUENCE RESTART WITH 67
COMMIT
INSERT INTO USER_IN_ROOM VALUES(67,4,24)
ALTER SEQUENCE PUBLIC.HIBERNATE_SEQUENCE RESTART WITH 68
COMMIT
/*C444*/INSERT INTO USER_IN_ROOM VALUES(68,36,24)
ALTER SEQUENCE PUBLIC.HIBERNATE_SEQUENCE RESTART WITH 69
COMMIT
/*C446*/SET SCHEMA PUBLIC
INSERT INTO USER_IN_ROOM VALUES(69,36,54)
ALTER SEQUENCE PUBLIC.HIBERNATE_SEQUENCE RESTART WITH 70
COMMIT
DISCONNECT
/*C448*/SET SCHEMA PUBLIC
DISCONNECT
/*C443*/DISCONNECT
/*C444*/DISCONNECT
/*C445*/SET SCHEMA PUBLIC
INSERT INTO USER_IN_ROOM VALUES(70,2,24)
ALTER SEQUENCE PUBLIC.HIBERNATE_SEQUENCE RESTART WITH 71
COMMIT
/*C447*/SET SCHEMA PUBLIC
DISCONNECT
/*C445*/DISCONNECT
/*C451*/SET SCHEMA PUBLIC
DISCONNECT
/*C449*/SET SCHEMA PUBLIC
DISCONNECT
/*C450*/SET SCHEMA PUBLIC
DISCONNECT
/*C452*/SET SCHEMA PUBLIC
DISCONNECT
/*C454*/SET SCHEMA PUBLIC
INSERT INTO MESSAGE VALUES(71,'2021-02-28 11:57:52.721000',NULL,24,'888888',NULL,1)
ALTER SEQUENCE PUBLIC.HIBERNATE_SEQUENCE RESTART WITH 72
COMMIT
INSERT INTO MESSAGE VALUES(72,'2021-02-28 11:57:57.453000',NULL,24,'00000',NULL,1)
ALTER SEQUENCE PUBLIC.HIBERNATE_SEQUENCE RESTART WITH 73
COMMIT
INSERT INTO USER_IN_ROOM VALUES(73,1,54)
ALTER SEQUENCE PUBLIC.HIBERNATE_SEQUENCE RESTART WITH 74
COMMIT
INSERT INTO MESSAGE VALUES(74,'2021-02-28 11:58:13.508000',NULL,54,'677888',NULL,1)
ALTER SEQUENCE PUBLIC.HIBERNATE_SEQUENCE RESTART WITH 75
COMMIT
/*C453*/SET SCHEMA PUBLIC
DISCONNECT
/*C454*/DISCONNECT
/*C455*/SET SCHEMA PUBLIC
DISCONNECT
/*C456*/SET SCHEMA PUBLIC
DISCONNECT
/*C457*/SET SCHEMA PUBLIC
DISCONNECT
/*C462*/SET SCHEMA PUBLIC
DISCONNECT
/*C381*/set schema PUBLIC
/*C458*/SET SCHEMA PUBLIC
DISCONNECT
/*C461*/SET SCHEMA PUBLIC
DISCONNECT
/*C459*/SET SCHEMA PUBLIC
DISCONNECT
/*C463*/SET SCHEMA PUBLIC
DISCONNECT
/*C460*/SET SCHEMA PUBLIC
DISCONNECT
/*C464*/SET SCHEMA PUBLIC
DELETE FROM USER_IN_ROOM WHERE ID=64
COMMIT
DELETE FROM USER_IN_ROOM WHERE ID=73
COMMIT
/*C465*/SET SCHEMA PUBLIC
INSERT INTO USER_IN_ROOM VALUES(75,1,24)
ALTER SEQUENCE PUBLIC.HIBERNATE_SEQUENCE RESTART WITH 76
COMMIT
/*C464*/DELETE FROM USER_IN_ROOM WHERE ID=75
COMMIT
INSERT INTO USER_IN_ROOM VALUES(76,1,51)
ALTER SEQUENCE PUBLIC.HIBERNATE_SEQUENCE RESTART WITH 77
COMMIT
/*C465*/DELETE FROM USER_IN_ROOM WHERE ID=76
COMMIT
/*C464*/INSERT INTO USER_IN_ROOM VALUES(77,1,24)
ALTER SEQUENCE PUBLIC.HIBERNATE_SEQUENCE RESTART WITH 78
COMMIT
INSERT INTO USER_IN_ROOM VALUES(78,1,30)
ALTER SEQUENCE PUBLIC.HIBERNATE_SEQUENCE RESTART WITH 79
COMMIT
INSERT INTO USER_IN_ROOM VALUES(79,1,31)
ALTER SEQUENCE PUBLIC.HIBERNATE_SEQUENCE RESTART WITH 80
COMMIT
/*C465*/INSERT INTO USER_IN_ROOM VALUES(80,1,51)
ALTER SEQUENCE PUBLIC.HIBERNATE_SEQUENCE RESTART WITH 81
COMMIT
/*C464*/INSERT INTO USER_IN_ROOM VALUES(81,1,53)
ALTER SEQUENCE PUBLIC.HIBERNATE_SEQUENCE RESTART WITH 82
COMMIT
DELETE FROM USER_IN_ROOM WHERE ID=79
COMMIT
DELETE FROM USER_IN_ROOM WHERE ID=81
COMMIT
DELETE FROM USER_IN_ROOM WHERE ID=78
COMMIT
DISCONNECT
/*C465*/DISCONNECT
/*C466*/SET SCHEMA PUBLIC
DISCONNECT
/*C467*/SET SCHEMA PUBLIC
DISCONNECT
/*C469*/SET SCHEMA PUBLIC
DISCONNECT
/*C468*/SET SCHEMA PUBLIC
DISCONNECT
/*C470*/SET SCHEMA PUBLIC
alter table room add column last_at varchar(255)
alter table room add column last_msg varchar(255)
/*C471*/SET SCHEMA PUBLIC
DISCONNECT
/*C470*/DISCONNECT
/*C473*/SET SCHEMA PUBLIC
DISCONNECT
/*C472*/SET SCHEMA PUBLIC
DISCONNECT
/*C474*/SET SCHEMA PUBLIC
DISCONNECT
/*C475*/SET SCHEMA PUBLIC
DISCONNECT
/*C476*/SET SCHEMA PUBLIC
DISCONNECT
/*C477*/SET SCHEMA PUBLIC
DISCONNECT
/*C478*/SET SCHEMA PUBLIC
DISCONNECT
/*C479*/SET SCHEMA PUBLIC
DISCONNECT
/*C480*/SET SCHEMA PUBLIC
DISCONNECT
/*C481*/SET SCHEMA PUBLIC
DISCONNECT
/*C482*/SET SCHEMA PUBLIC
DISCONNECT
/*C483*/SET SCHEMA PUBLIC
DISCONNECT
/*C484*/SET SCHEMA PUBLIC
INSERT INTO MESSAGE VALUES(82,'2021-02-28 12:58:24.540000',NULL,24,'\u4e2d\u5348\u5feb\u4e50',NULL,1)
DELETE FROM ROOM WHERE ID=24
INSERT INTO ROOM VALUES(24,'https://img-blog.csdnimg.cn/20210227093637699.png','2021-02-23 10:56:09.000000','\u8349\u5e3d\u6d77\u8d3c\u56e2',1,1,'\u7fa4\u7b80\u4ecb\uff0c\u8001\u592b\u61d2\u7684\u5199\uff01','2021-02-28 12:58:24.54','\u4e2d\u5348\u5feb\u4e50')
ALTER SEQUENCE PUBLIC.HIBERNATE_SEQUENCE RESTART WITH 83
COMMIT
INSERT INTO MESSAGE VALUES(83,'2021-02-28 12:58:34.065000',NULL,51,'\u53d1\u4e00\u6761\u4fe1\u606f',NULL,1)
DELETE FROM ROOM WHERE ID=51
INSERT INTO ROOM VALUES(51,'https://img-blog.csdnimg.cn/20210228062811223.png','2021-02-28 07:20:00.626000',' \u4e94\u7b14\u4ff1\u4e50\u90e8',1,1,'\u7fa4\u7b80\u4ecb\uff0c\u8001\u592b\u61d2\u7684\u5199\uff01','2021-02-28 12:58:34.065','\u53d1\u4e00\u6761\u4fe1\u606f')
ALTER SEQUENCE PUBLIC.HIBERNATE_SEQUENCE RESTART WITH 84
COMMIT
INSERT INTO USER_IN_ROOM VALUES(84,1,53)
ALTER SEQUENCE PUBLIC.HIBERNATE_SEQUENCE RESTART WITH 85
COMMIT
INSERT INTO MESSAGE VALUES(85,'2021-02-28 12:59:08.382000',NULL,53,'\u9700\u8981\u4f11\u606f\u4e00\u4e0b\u4e86\u3002',NULL,1)
DELETE FROM ROOM WHERE ID=53
INSERT INTO ROOM VALUES(53,'https://img-blog.csdnimg.cn/2021022808052855.png','2021-02-28 08:05:57.034000','\u673a\u5668\u732b',1,36,'\u7fa4\u7b80\u4ecb\uff0c\u8001\u592b\u61d2\u7684\u5199\uff01','2021-02-28 12:59:08.382','\u9700\u8981\u4f11\u606f\u4e00\u4e0b\u4e86\u3002')
ALTER SEQUENCE PUBLIC.HIBERNATE_SEQUENCE RESTART WITH 86
COMMIT
INSERT INTO MESSAGE VALUES(86,'2021-02-28 12:59:44.074000',NULL,51,'\u54c8\u54c8',NULL,1)
DELETE FROM ROOM WHERE ID=51
INSERT INTO ROOM VALUES(51,'https://img-blog.csdnimg.cn/20210228062811223.png','2021-02-28 07:20:00.626000',' \u4e94\u7b14\u4ff1\u4e50\u90e8',1,1,'\u7fa4\u7b80\u4ecb\uff0c\u8001\u592b\u61d2\u7684\u5199\uff01','2021-02-28 12:59:44.074','\u54c8\u54c8')
ALTER SEQUENCE PUBLIC.HIBERNATE_SEQUENCE RESTART WITH 87
COMMIT
DELETE FROM USER_IN_ROOM WHERE ID=80
COMMIT
/*C491*/SET SCHEMA PUBLIC
DISCONNECT
/*C493*/SET SCHEMA PUBLIC
DISCONNECT
/*C485*/SET SCHEMA PUBLIC
DISCONNECT
/*C489*/SET SCHEMA PUBLIC
DISCONNECT
/*C488*/SET SCHEMA PUBLIC
DISCONNECT
/*C484*/DISCONNECT
/*C490*/SET SCHEMA PUBLIC
DISCONNECT
/*C487*/SET SCHEMA PUBLIC
DISCONNECT
/*C492*/SET SCHEMA PUBLIC
DISCONNECT
/*C486*/SET SCHEMA PUBLIC
DISCONNECT
/*C498*/SET SCHEMA PUBLIC
DISCONNECT
/*C495*/SET SCHEMA PUBLIC
DISCONNECT
/*C496*/SET SCHEMA PUBLIC
DISCONNECT
/*C502*/SET SCHEMA PUBLIC
DISCONNECT
/*C500*/SET SCHEMA PUBLIC
DISCONNECT
/*C497*/SET SCHEMA PUBLIC
DISCONNECT
/*C494*/SET SCHEMA PUBLIC
DISCONNECT
/*C499*/SET SCHEMA PUBLIC
DISCONNECT
/*C501*/SET SCHEMA PUBLIC
DISCONNECT
/*C503*/SET SCHEMA PUBLIC
DISCONNECT
/*C381*/set schema PUBLIC
/*C514*/SET SCHEMA PUBLIC
DELETE FROM USER WHERE ID=36
INSERT INTO USER VALUES(36,'https://img-blog.csdnimg.cn/20210227171154880.png','\u5c0f\u65ed','xiaoxu','e10adc3949ba59abbe56e057f20f883e')
COMMIT
/*C507*/SET SCHEMA PUBLIC
DISCONNECT
/*C504*/SET SCHEMA PUBLIC
DISCONNECT
/*C506*/SET SCHEMA PUBLIC
DISCONNECT
/*C508*/SET SCHEMA PUBLIC
DISCONNECT
/*C511*/SET SCHEMA PUBLIC
DISCONNECT
/*C510*/SET SCHEMA PUBLIC
DISCONNECT
/*C505*/SET SCHEMA PUBLIC
DISCONNECT
/*C509*/SET SCHEMA PUBLIC
DISCONNECT
/*C512*/SET SCHEMA PUBLIC
DISCONNECT
/*C513*/SET SCHEMA PUBLIC
DISCONNECT
/*C381*/DELETE FROM MESSAGE WHERE ID=5
DELETE FROM MESSAGE WHERE ID=6
DELETE FROM MESSAGE WHERE ID=7
DELETE FROM MESSAGE WHERE ID=8
DELETE FROM MESSAGE WHERE ID=9
DELETE FROM MESSAGE WHERE ID=10
DELETE FROM MESSAGE WHERE ID=11
DELETE FROM MESSAGE WHERE ID=12
DELETE FROM MESSAGE WHERE ID=13
DELETE FROM MESSAGE WHERE ID=14
DELETE FROM MESSAGE WHERE ID=15
DELETE FROM MESSAGE WHERE ID=16
DELETE FROM MESSAGE WHERE ID=17
DELETE FROM MESSAGE WHERE ID=18
DELETE FROM MESSAGE WHERE ID=19
DELETE FROM MESSAGE WHERE ID=20
DELETE FROM MESSAGE WHERE ID=21
DELETE FROM MESSAGE WHERE ID=22
DELETE FROM MESSAGE WHERE ID=23
DELETE FROM MESSAGE WHERE ID=32
DELETE FROM MESSAGE WHERE ID=33
DELETE FROM MESSAGE WHERE ID=34
DELETE FROM MESSAGE WHERE ID=35
DELETE FROM MESSAGE WHERE ID=38
DELETE FROM MESSAGE WHERE ID=39
DELETE FROM MESSAGE WHERE ID=40
DELETE FROM MESSAGE WHERE ID=41
DELETE FROM MESSAGE WHERE ID=42
DELETE FROM MESSAGE WHERE ID=43
DELETE FROM MESSAGE WHERE ID=44
DELETE FROM MESSAGE WHERE ID=45
DELETE FROM MESSAGE WHERE ID=46
DELETE FROM MESSAGE WHERE ID=47
DELETE FROM MESSAGE WHERE ID=48
DELETE FROM MESSAGE WHERE ID=49
DELETE FROM MESSAGE WHERE ID=50
DELETE FROM MESSAGE WHERE ID=61
DELETE FROM MESSAGE WHERE ID=71
DELETE FROM MESSAGE WHERE ID=72
DELETE FROM MESSAGE WHERE ID=74
DELETE FROM MESSAGE WHERE ID=82
DELETE FROM MESSAGE WHERE ID=83
DELETE FROM MESSAGE WHERE ID=85
DELETE FROM MESSAGE WHERE ID=86
COMMIT
/*C515*/SET SCHEMA PUBLIC
DISCONNECT
/*C516*/SET SCHEMA PUBLIC
DISCONNECT
/*C517*/SET SCHEMA PUBLIC
DISCONNECT
/*C518*/SET SCHEMA PUBLIC
DISCONNECT
/*C519*/SET SCHEMA PUBLIC
DISCONNECT
/*C520*/SET SCHEMA PUBLIC
DISCONNECT
/*C521*/SET SCHEMA PUBLIC
DISCONNECT
/*C522*/SET SCHEMA PUBLIC
DISCONNECT
/*C523*/SET SCHEMA PUBLIC
DISCONNECT
/*C524*/SET SCHEMA PUBLIC
DISCONNECT
/*C528*/SET SCHEMA PUBLIC
DISCONNECT
/*C525*/SET SCHEMA PUBLIC
DISCONNECT
/*C529*/SET SCHEMA PUBLIC
DISCONNECT
/*C534*/SET SCHEMA PUBLIC
DISCONNECT
/*C531*/SET SCHEMA PUBLIC
DISCONNECT
/*C533*/SET SCHEMA PUBLIC
DISCONNECT
/*C527*/SET SCHEMA PUBLIC
DISCONNECT
/*C532*/SET SCHEMA PUBLIC
DISCONNECT
/*C530*/SET SCHEMA PUBLIC
DISCONNECT
/*C526*/SET SCHEMA PUBLIC
DISCONNECT
/*C535*/SET SCHEMA PUBLIC
INSERT INTO MESSAGE VALUES(87,'2021-02-28 15:16:50.246000',NULL,24,'\u6211\u8981\u5403\u996d',NULL,1)
DELETE FROM ROOM WHERE ID=24
INSERT INTO ROOM VALUES(24,'https://img-blog.csdnimg.cn/20210227093637699.png','2021-02-23 10:56:09.000000','\u8349\u5e3d\u6d77\u8d3c\u56e2',1,1,'\u7fa4\u7b80\u4ecb\uff0c\u8001\u592b\u61d2\u7684\u5199\uff01','2021-02-28 15:16:50.246','\u6211\u8981\u5403\u996d')
ALTER SEQUENCE PUBLIC.HIBERNATE_SEQUENCE RESTART WITH 88
COMMIT
INSERT INTO MESSAGE VALUES(88,'2021-02-28 15:17:07.935000',NULL,24,'\u6211\u4e5f\u662f\uff0c\u60f3\u5403\u4e86',NULL,4)
DELETE FROM ROOM WHERE ID=24
INSERT INTO ROOM VALUES(24,'https://img-blog.csdnimg.cn/20210227093637699.png','2021-02-23 10:56:09.000000','\u8349\u5e3d\u6d77\u8d3c\u56e2',1,1,'\u7fa4\u7b80\u4ecb\uff0c\u8001\u592b\u61d2\u7684\u5199\uff01','2021-02-28 15:17:07.935','\u6211\u4e5f\u662f\uff0c\u60f3\u5403\u4e86')
ALTER SEQUENCE PUBLIC.HIBERNATE_SEQUENCE RESTART WITH 89
COMMIT
INSERT INTO MESSAGE VALUES(89,'2021-02-28 15:17:19.274000',NULL,24,'\u8fd8\u6ca1\u6709\u5230\u65f6\u95f4\u5462\uff1f',NULL,3)
DELETE FROM ROOM WHERE ID=24
INSERT INTO ROOM VALUES(24,'https://img-blog.csdnimg.cn/20210227093637699.png','2021-02-23 10:56:09.000000','\u8349\u5e3d\u6d77\u8d3c\u56e2',1,1,'\u7fa4\u7b80\u4ecb\uff0c\u8001\u592b\u61d2\u7684\u5199\uff01','2021-02-28 15:17:19.274','\u8fd8\u6ca1\u6709\u5230\u65f6\u95f4\u5462\uff1f')
ALTER SEQUENCE PUBLIC.HIBERNATE_SEQUENCE RESTART WITH 90
COMMIT
INSERT INTO USER_IN_ROOM VALUES(90,1,54)
ALTER SEQUENCE PUBLIC.HIBERNATE_SEQUENCE RESTART WITH 91
COMMIT
/*C536*/SET SCHEMA PUBLIC
INSERT INTO MESSAGE VALUES(91,'2021-02-28 15:17:49.819000',NULL,54,'\u5728\u8fd9\u91cc\u8bf4\u4e00\u4e0b',NULL,1)
DELETE FROM ROOM WHERE ID=54
INSERT INTO ROOM VALUES(54,'https://img-blog.csdnimg.cn/20210228082049856.png','2021-02-28 08:21:07.155000','\u76f8\u4eb2\u76f8\u7231\u4e00\u5bb6\u4eba',1,1,'\u5bb6\u5ead\u5185\u90e8\uff0c\u5916\u4eba\u4e0d\u8981\u52a0','2021-02-28 15:17:49.819','\u5728\u8fd9\u91cc\u8bf4\u4e00\u4e0b')
ALTER SEQUENCE PUBLIC.HIBERNATE_SEQUENCE RESTART WITH 92
COMMIT
/*C535*/INSERT INTO USER_IN_ROOM VALUES(92,4,54)
ALTER SEQUENCE PUBLIC.HIBERNATE_SEQUENCE RESTART WITH 93
COMMIT
INSERT INTO MESSAGE VALUES(93,'2021-02-28 15:18:16.917000',NULL,54,'\u600e\u4e48\u8fd8\u6709\u4e24\u4e2a\u7fa4',NULL,4)
DELETE FROM ROOM WHERE ID=54
INSERT INTO ROOM VALUES(54,'https://img-blog.csdnimg.cn/20210228082049856.png','2021-02-28 08:21:07.155000','\u76f8\u4eb2\u76f8\u7231\u4e00\u5bb6\u4eba',1,1,'\u5bb6\u5ead\u5185\u90e8\uff0c\u5916\u4eba\u4e0d\u8981\u52a0','2021-02-28 15:18:16.917','\u600e\u4e48\u8fd8\u6709\u4e24\u4e2a\u7fa4')
ALTER SEQUENCE PUBLIC.HIBERNATE_SEQUENCE RESTART WITH 94
COMMIT
INSERT INTO MESSAGE VALUES(94,'2021-02-28 15:18:37.387000',NULL,54,'\u6211\u9000\u4e86\u554a',NULL,4)
DELETE FROM ROOM WHERE ID=54
INSERT INTO ROOM VALUES(54,'https://img-blog.csdnimg.cn/20210228082049856.png','2021-02-28 08:21:07.155000','\u76f8\u4eb2\u76f8\u7231\u4e00\u5bb6\u4eba',1,1,'\u5bb6\u5ead\u5185\u90e8\uff0c\u5916\u4eba\u4e0d\u8981\u52a0','2021-02-28 15:18:37.387','\u6211\u9000\u4e86\u554a')
ALTER SEQUENCE PUBLIC.HIBERNATE_SEQUENCE RESTART WITH 95
COMMIT
INSERT INTO MESSAGE VALUES(95,'2021-02-28 15:18:48.367000',NULL,54,'\u6211\u62c9\u4e2a\u4eba\u554a',NULL,1)
DELETE FROM ROOM WHERE ID=54
INSERT INTO ROOM VALUES(54,'https://img-blog.csdnimg.cn/20210228082049856.png','2021-02-28 08:21:07.155000','\u76f8\u4eb2\u76f8\u7231\u4e00\u5bb6\u4eba',1,1,'\u5bb6\u5ead\u5185\u90e8\uff0c\u5916\u4eba\u4e0d\u8981\u52a0','2021-02-28 15:18:48.367','\u6211\u62c9\u4e2a\u4eba\u554a')
ALTER SEQUENCE PUBLIC.HIBERNATE_SEQUENCE RESTART WITH 96
COMMIT
INSERT INTO USER_IN_ROOM VALUES(96,3,54)
ALTER SEQUENCE PUBLIC.HIBERNATE_SEQUENCE RESTART WITH 97
COMMIT
INSERT INTO MESSAGE VALUES(97,'2021-02-28 15:19:07.783000',NULL,54,'\u8fd9\u662f\u4ec0\u4e48\u7fa4',NULL,3)
DELETE FROM ROOM WHERE ID=54
INSERT INTO ROOM VALUES(54,'https://img-blog.csdnimg.cn/20210228082049856.png','2021-02-28 08:21:07.155000','\u76f8\u4eb2\u76f8\u7231\u4e00\u5bb6\u4eba',1,1,'\u5bb6\u5ead\u5185\u90e8\uff0c\u5916\u4eba\u4e0d\u8981\u52a0','2021-02-28 15:19:07.783','\u8fd9\u662f\u4ec0\u4e48\u7fa4')
ALTER SEQUENCE PUBLIC.HIBERNATE_SEQUENCE RESTART WITH 98
COMMIT
INSERT INTO MESSAGE VALUES(98,'2021-02-28 15:19:15.090000',NULL,54,'\u8c01\u62c9\u6211\u7684\uff1f',NULL,3)
DELETE FROM ROOM WHERE ID=54
INSERT INTO ROOM VALUES(54,'https://img-blog.csdnimg.cn/20210228082049856.png','2021-02-28 08:21:07.155000','\u76f8\u4eb2\u76f8\u7231\u4e00\u5bb6\u4eba',1,1,'\u5bb6\u5ead\u5185\u90e8\uff0c\u5916\u4eba\u4e0d\u8981\u52a0','2021-02-28 15:19:15.09','\u8c01\u62c9\u6211\u7684\uff1f')
ALTER SEQUENCE PUBLIC.HIBERNATE_SEQUENCE RESTART WITH 99
COMMIT
/*C536*/INSERT INTO MESSAGE VALUES(99,'2021-02-28 15:19:36.089000',NULL,54,'\u9000',NULL,4)
DELETE FROM ROOM WHERE ID=54
INSERT INTO ROOM VALUES(54,'https://img-blog.csdnimg.cn/20210228082049856.png','2021-02-28 08:21:07.155000','\u76f8\u4eb2\u76f8\u7231\u4e00\u5bb6\u4eba',1,1,'\u5bb6\u5ead\u5185\u90e8\uff0c\u5916\u4eba\u4e0d\u8981\u52a0','2021-02-28 15:19:36.089','\u9000')
ALTER SEQUENCE PUBLIC.HIBERNATE_SEQUENCE RESTART WITH 100
COMMIT
DELETE FROM USER_IN_ROOM WHERE ID=92
COMMIT
/*C535*/INSERT INTO ROOM VALUES(100,'https://img-blog.csdnimg.cn/20210228062811223.png','2021-02-28 15:33:47.129000','\u5e72\u996d',1,1,'\u5403\u8d27\u7684\u4e16\u754c',NULL,NULL)
ALTER SEQUENCE PUBLIC.HIBERNATE_SEQUENCE RESTART WITH 101
COMMIT
/*C536*/INSERT INTO USER_IN_ROOM VALUES(101,1,100)
ALTER SEQUENCE PUBLIC.HIBERNATE_SEQUENCE RESTART WITH 102
COMMIT
INSERT INTO USER_IN_ROOM VALUES(102,4,100)
ALTER SEQUENCE PUBLIC.HIBERNATE_SEQUENCE RESTART WITH 103
COMMIT
INSERT INTO USER_IN_ROOM VALUES(103,3,100)
ALTER SEQUENCE PUBLIC.HIBERNATE_SEQUENCE RESTART WITH 104
COMMIT
/*C535*/INSERT INTO MESSAGE VALUES(104,'2021-02-28 15:34:17.674000',NULL,100,'123',NULL,1)
DELETE FROM ROOM WHERE ID=100
INSERT INTO ROOM VALUES(100,'https://img-blog.csdnimg.cn/20210228062811223.png','2021-02-28 15:33:47.129000','\u5e72\u996d',1,1,'\u5403\u8d27\u7684\u4e16\u754c','2021-02-28 15:34:17.674','123')
ALTER SEQUENCE PUBLIC.HIBERNATE_SEQUENCE RESTART WITH 105
COMMIT
/*C536*/INSERT INTO MESSAGE VALUES(105,'2021-02-28 15:34:33.195000',NULL,100,'\u65b0\u7fa4\uff1f',NULL,4)
DELETE FROM ROOM WHERE ID=100
INSERT INTO ROOM VALUES(100,'https://img-blog.csdnimg.cn/20210228062811223.png','2021-02-28 15:33:47.129000','\u5e72\u996d',1,1,'\u5403\u8d27\u7684\u4e16\u754c','2021-02-28 15:34:33.195','\u65b0\u7fa4\uff1f')
ALTER SEQUENCE PUBLIC.HIBERNATE_SEQUENCE RESTART WITH 106
COMMIT
/*C535*/DISCONNECT
/*C536*/DISCONNECT
/*C539*/SET SCHEMA PUBLIC
DISCONNECT
/*C538*/SET SCHEMA PUBLIC
DISCONNECT
/*C544*/SET SCHEMA PUBLIC
DISCONNECT
/*C543*/SET SCHEMA PUBLIC
DISCONNECT
/*C541*/SET SCHEMA PUBLIC
DISCONNECT
/*C540*/SET SCHEMA PUBLIC
DISCONNECT
/*C537*/SET SCHEMA PUBLIC
DISCONNECT
/*C542*/SET SCHEMA PUBLIC
DISCONNECT
/*C546*/SET SCHEMA PUBLIC
DISCONNECT
/*C548*/SET SCHEMA PUBLIC
DISCONNECT
/*C550*/SET SCHEMA PUBLIC
DISCONNECT
/*C545*/SET SCHEMA PUBLIC
DISCONNECT
/*C552*/SET SCHEMA PUBLIC
DISCONNECT
/*C553*/SET SCHEMA PUBLIC
DISCONNECT
/*C547*/SET SCHEMA PUBLIC
DISCONNECT
/*C549*/SET SCHEMA PUBLIC
DISCONNECT
/*C551*/SET SCHEMA PUBLIC
DISCONNECT
/*C554*/SET SCHEMA PUBLIC
DISCONNECT
/*C556*/SET SCHEMA PUBLIC
DISCONNECT
/*C555*/SET SCHEMA PUBLIC
DISCONNECT
/*C561*/SET SCHEMA PUBLIC
DISCONNECT
/*C557*/SET SCHEMA PUBLIC
DISCONNECT
/*C562*/SET SCHEMA PUBLIC
DISCONNECT
/*C560*/SET SCHEMA PUBLIC
DISCONNECT
/*C564*/SET SCHEMA PUBLIC
DISCONNECT
/*C558*/SET SCHEMA PUBLIC
DISCONNECT
/*C563*/SET SCHEMA PUBLIC
DISCONNECT
/*C559*/SET SCHEMA PUBLIC
DISCONNECT
/*C565*/SET SCHEMA PUBLIC
DISCONNECT
/*C566*/SET SCHEMA PUBLIC
DISCONNECT
/*C567*/SET SCHEMA PUBLIC
DISCONNECT
/*C570*/SET SCHEMA PUBLIC
DISCONNECT
/*C568*/SET SCHEMA PUBLIC
DISCONNECT
/*C574*/SET SCHEMA PUBLIC
DISCONNECT
/*C571*/SET SCHEMA PUBLIC
DISCONNECT
/*C573*/SET SCHEMA PUBLIC
DISCONNECT
/*C569*/SET SCHEMA PUBLIC
DISCONNECT
/*C572*/SET SCHEMA PUBLIC
DISCONNECT
/*C576*/SET SCHEMA PUBLIC
DISCONNECT
/*C575*/SET SCHEMA PUBLIC
DISCONNECT
/*C578*/SET SCHEMA PUBLIC
DISCONNECT
/*C577*/SET SCHEMA PUBLIC
DISCONNECT
/*C581*/SET SCHEMA PUBLIC
DISCONNECT
/*C580*/SET SCHEMA PUBLIC
DISCONNECT
/*C579*/SET SCHEMA PUBLIC
DISCONNECT
/*C583*/SET SCHEMA PUBLIC
DISCONNECT
/*C582*/SET SCHEMA PUBLIC
DISCONNECT
/*C584*/SET SCHEMA PUBLIC
DISCONNECT
/*C585*/SET SCHEMA PUBLIC
DISCONNECT
/*C586*/SET SCHEMA PUBLIC
DISCONNECT
/*C587*/SET SCHEMA PUBLIC
DISCONNECT
/*C589*/SET SCHEMA PUBLIC
DISCONNECT
/*C590*/SET SCHEMA PUBLIC
DISCONNECT
/*C588*/SET SCHEMA PUBLIC
DISCONNECT
/*C591*/SET SCHEMA PUBLIC
DISCONNECT
/*C594*/SET SCHEMA PUBLIC
DISCONNECT
/*C593*/SET SCHEMA PUBLIC
DISCONNECT
/*C592*/SET SCHEMA PUBLIC
DISCONNECT
/*C595*/SET SCHEMA PUBLIC
DISCONNECT
/*C596*/SET SCHEMA PUBLIC
DISCONNECT
/*C597*/SET SCHEMA PUBLIC
DISCONNECT
/*C599*/SET SCHEMA PUBLIC
DISCONNECT
/*C601*/SET SCHEMA PUBLIC
DISCONNECT
/*C600*/SET SCHEMA PUBLIC
DISCONNECT
/*C598*/SET SCHEMA PUBLIC
DISCONNECT
/*C602*/SET SCHEMA PUBLIC
DISCONNECT
/*C603*/SET SCHEMA PUBLIC
DISCONNECT
/*C604*/SET SCHEMA PUBLIC
DISCONNECT
/*C605*/SET SCHEMA PUBLIC
DISCONNECT
/*C606*/SET SCHEMA PUBLIC
DISCONNECT
/*C611*/SET SCHEMA PUBLIC
DISCONNECT
/*C610*/SET SCHEMA PUBLIC
DISCONNECT
/*C607*/SET SCHEMA PUBLIC
DISCONNECT
/*C609*/SET SCHEMA PUBLIC
DISCONNECT
/*C608*/SET SCHEMA PUBLIC
DISCONNECT
/*C612*/SET SCHEMA PUBLIC
DISCONNECT
/*C614*/SET SCHEMA PUBLIC
DISCONNECT
/*C613*/SET SCHEMA PUBLIC
DISCONNECT
/*C616*/SET SCHEMA PUBLIC
DISCONNECT
/*C615*/SET SCHEMA PUBLIC
DISCONNECT
/*C617*/SET SCHEMA PUBLIC
DISCONNECT
/*C620*/SET SCHEMA PUBLIC
DISCONNECT
/*C619*/SET SCHEMA PUBLIC
DISCONNECT
/*C618*/SET SCHEMA PUBLIC
DISCONNECT
/*C621*/SET SCHEMA PUBLIC
DISCONNECT
/*C622*/SET SCHEMA PUBLIC
DISCONNECT
/*C624*/SET SCHEMA PUBLIC
DISCONNECT
/*C623*/SET SCHEMA PUBLIC
DISCONNECT
/*C625*/SET SCHEMA PUBLIC
DISCONNECT
/*C626*/SET SCHEMA PUBLIC
DISCONNECT
/*C627*/SET SCHEMA PUBLIC
DISCONNECT
/*C630*/SET SCHEMA PUBLIC
DISCONNECT
/*C629*/SET SCHEMA PUBLIC
DISCONNECT
/*C628*/SET SCHEMA PUBLIC
DISCONNECT
/*C633*/SET SCHEMA PUBLIC
DISCONNECT
/*C632*/SET SCHEMA PUBLIC
DISCONNECT
/*C631*/SET SCHEMA PUBLIC
DISCONNECT
/*C634*/SET SCHEMA PUBLIC
DISCONNECT
/*C635*/SET SCHEMA PUBLIC
DISCONNECT
/*C636*/SET SCHEMA PUBLIC
DISCONNECT
/*C639*/SET SCHEMA PUBLIC
DISCONNECT
/*C638*/SET SCHEMA PUBLIC
DISCONNECT
/*C640*/SET SCHEMA PUBLIC
DISCONNECT
/*C637*/SET SCHEMA PUBLIC
DISCONNECT
/*C642*/SET SCHEMA PUBLIC
DISCONNECT
/*C643*/SET SCHEMA PUBLIC
DISCONNECT
/*C644*/SET SCHEMA PUBLIC
DISCONNECT
/*C641*/SET SCHEMA PUBLIC
DISCONNECT
/*C645*/SET SCHEMA PUBLIC
DISCONNECT
/*C646*/SET SCHEMA PUBLIC
DISCONNECT
/*C648*/SET SCHEMA PUBLIC
DISCONNECT
/*C650*/SET SCHEMA PUBLIC
DISCONNECT
/*C647*/SET SCHEMA PUBLIC
DISCONNECT
/*C649*/SET SCHEMA PUBLIC
DISCONNECT
/*C651*/SET SCHEMA PUBLIC
DISCONNECT
/*C652*/SET SCHEMA PUBLIC
DISCONNECT
/*C653*/SET SCHEMA PUBLIC
DISCONNECT
/*C654*/SET SCHEMA PUBLIC
DISCONNECT
/*C656*/SET SCHEMA PUBLIC
DISCONNECT
/*C655*/SET SCHEMA PUBLIC
DISCONNECT
/*C657*/SET SCHEMA PUBLIC
DISCONNECT
/*C658*/SET SCHEMA PUBLIC
DISCONNECT
/*C660*/SET SCHEMA PUBLIC
DISCONNECT
/*C659*/SET SCHEMA PUBLIC
DISCONNECT
/*C662*/SET SCHEMA PUBLIC
DISCONNECT
/*C661*/SET SCHEMA PUBLIC
DISCONNECT
/*C663*/SET SCHEMA PUBLIC
DISCONNECT
/*C664*/SET SCHEMA PUBLIC
DISCONNECT
/*C666*/SET SCHEMA PUBLIC
DISCONNECT
/*C665*/SET SCHEMA PUBLIC
DISCONNECT
/*C667*/SET SCHEMA PUBLIC
DISCONNECT
/*C669*/SET SCHEMA PUBLIC
DISCONNECT
/*C668*/SET SCHEMA PUBLIC
DISCONNECT
/*C670*/SET SCHEMA PUBLIC
DISCONNECT
/*C671*/SET SCHEMA PUBLIC
DISCONNECT
/*C672*/SET SCHEMA PUBLIC
DISCONNECT
/*C673*/SET SCHEMA PUBLIC
DISCONNECT
/*C674*/SET SCHEMA PUBLIC
DISCONNECT
/*C675*/SET SCHEMA PUBLIC
DISCONNECT
/*C676*/SET SCHEMA PUBLIC
DISCONNECT
/*C677*/SET SCHEMA PUBLIC
DISCONNECT
/*C678*/SET SCHEMA PUBLIC
DISCONNECT
/*C679*/SET SCHEMA PUBLIC
DISCONNECT
/*C680*/SET SCHEMA PUBLIC
DISCONNECT
/*C514*/DISCONNECT
/*C381*/DISCONNECT
